2016-07-26 14:10:31 INFO  support.ClassPathXmlApplicationContext (AbstractApplicationContext.java:510) - Refreshing org.springframework.context.support.ClassPathXmlApplicationContext@3a2da63a: startup date [Tue Jul 26 14:10:31 CST 2016]; root of context hierarchy
2016-07-26 14:10:31 INFO  xml.XmlBeanDefinitionReader (XmlBeanDefinitionReader.java:317) - Loading XML bean definitions from class path resource [spring.xml]
2016-07-26 14:10:31 INFO  xml.XmlBeanDefinitionReader (XmlBeanDefinitionReader.java:317) - Loading XML bean definitions from class path resource [spring/spring-datasource.xml]
2016-07-26 14:10:31 INFO  support.PropertySourcesPlaceholderConfigurer (PropertiesLoaderSupport.java:172) - Loading properties file from class path resource [systemconfig.properties]
2016-07-26 14:10:32 WARN  support.ClassPathXmlApplicationContext (AbstractApplicationContext.java:487) - Exception encountered during context initialization - cancelling refresh attempt
org.springframework.beans.factory.BeanCreationException: Error creating bean with name 'redisDao': Injection of resource dependencies failed; nested exception is org.springframework.beans.factory.NoSuchBeanDefinitionException: No qualifying bean of type [org.springframework.data.redis.core.RedisTemplate] found for dependency: expected at least 1 bean which qualifies as autowire candidate for this dependency. Dependency annotations: {@javax.annotation.Resource(shareable=true, mappedName=, description=, name=, type=class java.lang.Object, authenticationType=CONTAINER, lookup=)}
	at org.springframework.context.annotation.CommonAnnotationBeanPostProcessor.postProcessPropertyValues(CommonAnnotationBeanPostProcessor.java:308)
	at org.springframework.beans.factory.support.AbstractAutowireCapableBeanFactory.populateBean(AbstractAutowireCapableBeanFactory.java:1202)
	at org.springframework.beans.factory.support.AbstractAutowireCapableBeanFactory.doCreateBean(AbstractAutowireCapableBeanFactory.java:537)
	at org.springframework.beans.factory.support.AbstractAutowireCapableBeanFactory.createBean(AbstractAutowireCapableBeanFactory.java:476)
	at org.springframework.beans.factory.support.AbstractBeanFactory$1.getObject(AbstractBeanFactory.java:302)
	at org.springframework.beans.factory.support.DefaultSingletonBeanRegistry.getSingleton(DefaultSingletonBeanRegistry.java:230)
	at org.springframework.beans.factory.support.AbstractBeanFactory.doGetBean(AbstractBeanFactory.java:298)
	at org.springframework.beans.factory.support.AbstractBeanFactory.getBean(AbstractBeanFactory.java:193)
	at org.springframework.beans.factory.support.DefaultListableBeanFactory.preInstantiateSingletons(DefaultListableBeanFactory.java:762)
	at org.springframework.context.support.AbstractApplicationContext.finishBeanFactoryInitialization(AbstractApplicationContext.java:757)
	at org.springframework.context.support.AbstractApplicationContext.refresh(AbstractApplicationContext.java:480)
	at org.springframework.context.support.ClassPathXmlApplicationContext.<init>(ClassPathXmlApplicationContext.java:139)
	at org.springframework.context.support.ClassPathXmlApplicationContext.<init>(ClassPathXmlApplicationContext.java:83)
	at com.culturecloud.server.AppContext.<init>(AppContext.java:46)
	at com.culturecloud.server.AppContext.<clinit>(AppContext.java:24)
	at com.culturecloud.app.StartUp.main(StartUp.java:22)
Caused by: org.springframework.beans.factory.NoSuchBeanDefinitionException: No qualifying bean of type [org.springframework.data.redis.core.RedisTemplate] found for dependency: expected at least 1 bean which qualifies as autowire candidate for this dependency. Dependency annotations: {@javax.annotation.Resource(shareable=true, mappedName=, description=, name=, type=class java.lang.Object, authenticationType=CONTAINER, lookup=)}
	at org.springframework.beans.factory.support.DefaultListableBeanFactory.raiseNoSuchBeanDefinitionException(DefaultListableBeanFactory.java:1308)
	at org.springframework.beans.factory.support.DefaultListableBeanFactory.doResolveDependency(DefaultListableBeanFactory.java:1054)
	at org.springframework.beans.factory.support.DefaultListableBeanFactory.resolveDependency(DefaultListableBeanFactory.java:949)
	at org.springframework.context.annotation.CommonAnnotationBeanPostProcessor.autowireResource(CommonAnnotationBeanPostProcessor.java:454)
	at org.springframework.context.annotation.CommonAnnotationBeanPostProcessor.getResource(CommonAnnotationBeanPostProcessor.java:432)
	at org.springframework.context.annotation.CommonAnnotationBeanPostProcessor$ResourceElement.getResourceToInject(CommonAnnotationBeanPostProcessor.java:556)
	at org.springframework.beans.factory.annotation.InjectionMetadata$InjectedElement.inject(InjectionMetadata.java:155)
	at org.springframework.beans.factory.annotation.InjectionMetadata.inject(InjectionMetadata.java:87)
	at org.springframework.context.annotation.CommonAnnotationBeanPostProcessor.postProcessPropertyValues(CommonAnnotationBeanPostProcessor.java:305)
	... 15 more
2016-07-26 14:10:32 WARN  support.DisposableBeanAdapter (DisposableBeanAdapter.java:360) - Invocation of destroy method 'close' failed on bean with name 'sqlSessionTemplate': java.lang.UnsupportedOperationException: Manual close is not allowed over a Spring managed SqlSession
2016-07-26 14:11:42 INFO  support.ClassPathXmlApplicationContext (AbstractApplicationContext.java:510) - Refreshing org.springframework.context.support.ClassPathXmlApplicationContext@74f8f6ea: startup date [Tue Jul 26 14:11:42 CST 2016]; root of context hierarchy
2016-07-26 14:11:42 INFO  xml.XmlBeanDefinitionReader (XmlBeanDefinitionReader.java:317) - Loading XML bean definitions from class path resource [spring.xml]
2016-07-26 14:11:42 INFO  xml.XmlBeanDefinitionReader (XmlBeanDefinitionReader.java:317) - Loading XML bean definitions from class path resource [spring/spring-datasource.xml]
2016-07-26 14:11:42 INFO  xml.XmlBeanDefinitionReader (XmlBeanDefinitionReader.java:317) - Loading XML bean definitions from class path resource [spring/spring-redis.xml]
2016-07-26 14:11:42 INFO  support.PropertySourcesPlaceholderConfigurer (PropertiesLoaderSupport.java:172) - Loading properties file from class path resource [systemconfig.properties]
2016-07-26 14:14:13 INFO  support.ClassPathXmlApplicationContext (AbstractApplicationContext.java:510) - Refreshing org.springframework.context.support.ClassPathXmlApplicationContext@2e691714: startup date [Tue Jul 26 14:14:13 CST 2016]; root of context hierarchy
2016-07-26 14:14:13 INFO  xml.XmlBeanDefinitionReader (XmlBeanDefinitionReader.java:317) - Loading XML bean definitions from class path resource [spring.xml]
2016-07-26 14:14:13 INFO  xml.XmlBeanDefinitionReader (XmlBeanDefinitionReader.java:317) - Loading XML bean definitions from class path resource [spring/spring-datasource.xml]
2016-07-26 14:14:14 INFO  xml.XmlBeanDefinitionReader (XmlBeanDefinitionReader.java:317) - Loading XML bean definitions from class path resource [spring/spring-redis.xml]
2016-07-26 14:14:14 INFO  support.PropertySourcesPlaceholderConfigurer (PropertiesLoaderSupport.java:172) - Loading properties file from class path resource [systemconfig.properties]
2016-07-26 14:15:02 INFO  support.ClassPathXmlApplicationContext (AbstractApplicationContext.java:510) - Refreshing org.springframework.context.support.ClassPathXmlApplicationContext@6577e8ce: startup date [Tue Jul 26 14:15:02 CST 2016]; root of context hierarchy
2016-07-26 14:15:02 INFO  xml.XmlBeanDefinitionReader (XmlBeanDefinitionReader.java:317) - Loading XML bean definitions from class path resource [spring.xml]
2016-07-26 14:15:02 INFO  xml.XmlBeanDefinitionReader (XmlBeanDefinitionReader.java:317) - Loading XML bean definitions from class path resource [spring/spring-datasource.xml]
2016-07-26 14:15:03 INFO  xml.XmlBeanDefinitionReader (XmlBeanDefinitionReader.java:317) - Loading XML bean definitions from class path resource [spring/spring-redis.xml]
2016-07-26 14:15:03 INFO  support.PropertySourcesPlaceholderConfigurer (PropertiesLoaderSupport.java:172) - Loading properties file from class path resource [systemconfig.properties]
2016-07-26 14:17:27 INFO  support.ClassPathXmlApplicationContext (AbstractApplicationContext.java:510) - Refreshing org.springframework.context.support.ClassPathXmlApplicationContext@4d1b6341: startup date [Tue Jul 26 14:17:27 CST 2016]; root of context hierarchy
2016-07-26 14:17:27 INFO  xml.XmlBeanDefinitionReader (XmlBeanDefinitionReader.java:317) - Loading XML bean definitions from class path resource [spring.xml]
2016-07-26 14:17:27 INFO  xml.XmlBeanDefinitionReader (XmlBeanDefinitionReader.java:317) - Loading XML bean definitions from class path resource [spring/spring-datasource.xml]
2016-07-26 14:17:27 INFO  xml.XmlBeanDefinitionReader (XmlBeanDefinitionReader.java:317) - Loading XML bean definitions from class path resource [spring/spring-redis.xml]
2016-07-26 14:17:27 INFO  support.PropertySourcesPlaceholderConfigurer (PropertiesLoaderSupport.java:172) - Loading properties file from class path resource [systemconfig.properties]
2016-07-26 14:19:46 INFO  support.ClassPathXmlApplicationContext (AbstractApplicationContext.java:510) - Refreshing org.springframework.context.support.ClassPathXmlApplicationContext@dca6fe4: startup date [Tue Jul 26 14:19:46 CST 2016]; root of context hierarchy
2016-07-26 14:19:46 INFO  xml.XmlBeanDefinitionReader (XmlBeanDefinitionReader.java:317) - Loading XML bean definitions from class path resource [spring.xml]
2016-07-26 14:19:46 INFO  xml.XmlBeanDefinitionReader (XmlBeanDefinitionReader.java:317) - Loading XML bean definitions from class path resource [spring/spring-datasource.xml]
2016-07-26 14:19:46 INFO  xml.XmlBeanDefinitionReader (XmlBeanDefinitionReader.java:317) - Loading XML bean definitions from class path resource [spring/spring-redis.xml]
2016-07-26 14:19:46 INFO  support.PropertySourcesPlaceholderConfigurer (PropertiesLoaderSupport.java:172) - Loading properties file from class path resource [systemconfig.properties]
2016-07-26 14:31:10 INFO  support.ClassPathXmlApplicationContext (AbstractApplicationContext.java:510) - Refreshing org.springframework.context.support.ClassPathXmlApplicationContext@6577e8ce: startup date [Tue Jul 26 14:31:10 CST 2016]; root of context hierarchy
2016-07-26 14:31:10 INFO  xml.XmlBeanDefinitionReader (XmlBeanDefinitionReader.java:317) - Loading XML bean definitions from class path resource [spring.xml]
2016-07-26 14:31:10 INFO  xml.XmlBeanDefinitionReader (XmlBeanDefinitionReader.java:317) - Loading XML bean definitions from class path resource [spring/spring-datasource.xml]
2016-07-26 14:31:11 INFO  xml.XmlBeanDefinitionReader (XmlBeanDefinitionReader.java:317) - Loading XML bean definitions from class path resource [spring/spring-redis.xml]
2016-07-26 14:31:11 INFO  xml.XmlBeanDefinitionReader (XmlBeanDefinitionReader.java:317) - Loading XML bean definitions from URL [file:/E:/workspace/culturecloud-job/target/classes/spring/sspring-job.xml]
2016-07-26 14:31:41 INFO  support.ClassPathXmlApplicationContext (AbstractApplicationContext.java:510) - Refreshing org.springframework.context.support.ClassPathXmlApplicationContext@3a2da63a: startup date [Tue Jul 26 14:31:41 CST 2016]; root of context hierarchy
2016-07-26 14:31:41 INFO  xml.XmlBeanDefinitionReader (XmlBeanDefinitionReader.java:317) - Loading XML bean definitions from class path resource [spring.xml]
2016-07-26 14:31:42 INFO  xml.XmlBeanDefinitionReader (XmlBeanDefinitionReader.java:317) - Loading XML bean definitions from class path resource [spring/spring-datasource.xml]
2016-07-26 14:31:42 INFO  xml.XmlBeanDefinitionReader (XmlBeanDefinitionReader.java:317) - Loading XML bean definitions from class path resource [spring/spring-redis.xml]
2016-07-26 14:31:42 INFO  xml.XmlBeanDefinitionReader (XmlBeanDefinitionReader.java:317) - Loading XML bean definitions from class path resource [spring/spring-job.xml]
2016-07-26 14:31:42 INFO  support.PropertySourcesPlaceholderConfigurer (PropertiesLoaderSupport.java:172) - Loading properties file from class path resource [systemconfig.properties]
2016-07-26 14:33:40 INFO  support.ClassPathXmlApplicationContext (AbstractApplicationContext.java:510) - Refreshing org.springframework.context.support.ClassPathXmlApplicationContext@2355606d: startup date [Tue Jul 26 14:33:40 CST 2016]; root of context hierarchy
2016-07-26 14:33:40 INFO  xml.XmlBeanDefinitionReader (XmlBeanDefinitionReader.java:317) - Loading XML bean definitions from class path resource [spring.xml]
2016-07-26 14:33:40 INFO  xml.XmlBeanDefinitionReader (XmlBeanDefinitionReader.java:317) - Loading XML bean definitions from class path resource [spring/spring-datasource.xml]
2016-07-26 14:33:40 INFO  xml.XmlBeanDefinitionReader (XmlBeanDefinitionReader.java:317) - Loading XML bean definitions from class path resource [spring/spring-redis.xml]
2016-07-26 14:33:40 INFO  xml.XmlBeanDefinitionReader (XmlBeanDefinitionReader.java:317) - Loading XML bean definitions from class path resource [spring/spring-job.xml]
2016-07-26 14:33:41 INFO  support.PropertySourcesPlaceholderConfigurer (PropertiesLoaderSupport.java:172) - Loading properties file from class path resource [systemconfig.properties]
2016-07-26 14:40:49 INFO  support.ClassPathXmlApplicationContext (AbstractApplicationContext.java:510) - Refreshing org.springframework.context.support.ClassPathXmlApplicationContext@6577e8ce: startup date [Tue Jul 26 14:40:49 CST 2016]; root of context hierarchy
2016-07-26 14:40:49 INFO  xml.XmlBeanDefinitionReader (XmlBeanDefinitionReader.java:317) - Loading XML bean definitions from class path resource [spring.xml]
2016-07-26 14:40:49 INFO  xml.XmlBeanDefinitionReader (XmlBeanDefinitionReader.java:317) - Loading XML bean definitions from class path resource [spring/spring-datasource.xml]
2016-07-26 14:40:49 INFO  xml.XmlBeanDefinitionReader (XmlBeanDefinitionReader.java:317) - Loading XML bean definitions from class path resource [spring/spring-redis.xml]
2016-07-26 14:40:49 INFO  xml.XmlBeanDefinitionReader (XmlBeanDefinitionReader.java:317) - Loading XML bean definitions from class path resource [spring/spring-job.xml]
2016-07-26 14:40:49 INFO  support.PropertySourcesPlaceholderConfigurer (PropertiesLoaderSupport.java:172) - Loading properties file from class path resource [systemconfig.properties]
