2019-05-25 12:53:21 INFO  support.ClassPathXmlApplicationContext (AbstractApplicationContext.java:510) - Refreshing org.springframework.context.support.ClassPathXmlApplicationContext@4923ab24: startup date [Sat May 25 12:53:21 CST 2019]; root of context hierarchy
2019-05-25 12:53:21 INFO  xml.XmlBeanDefinitionReader (XmlBeanDefinitionReader.java:317) - Loading XML bean definitions from class path resource [spring.xml]
2019-05-25 12:53:21 INFO  xml.XmlBeanDefinitionReader (XmlBeanDefinitionReader.java:317) - Loading XML bean definitions from class path resource [spring/spring-datasource.xml]
2019-05-25 12:53:22 INFO  xml.XmlBeanDefinitionReader (XmlBeanDefinitionReader.java:317) - Loading XML bean definitions from class path resource [spring/spring-redis.xml]
2019-05-25 12:53:22 INFO  xml.XmlBeanDefinitionReader (XmlBeanDefinitionReader.java:317) - Loading XML bean definitions from class path resource [spring/spring-cache.xml]
2019-05-25 12:53:23 INFO  support.PropertySourcesPlaceholderConfigurer (PropertiesLoaderSupport.java:172) - Loading properties file from class path resource [systemconfig.properties]
2019-05-25 12:53:52 INFO  util.Version ( Version.java:27) - HV000001: Hibernate Validator 5.1.2.Final
2019-05-25 12:56:57 INFO  support.ClassPathXmlApplicationContext (AbstractApplicationContext.java:510) - Refreshing org.springframework.context.support.ClassPathXmlApplicationContext@4fb64261: startup date [Sat May 25 12:56:57 CST 2019]; root of context hierarchy
2019-05-25 12:56:57 INFO  xml.XmlBeanDefinitionReader (XmlBeanDefinitionReader.java:317) - Loading XML bean definitions from class path resource [spring.xml]
2019-05-25 12:56:57 INFO  xml.XmlBeanDefinitionReader (XmlBeanDefinitionReader.java:317) - Loading XML bean definitions from class path resource [spring/spring-datasource.xml]
2019-05-25 12:56:58 INFO  xml.XmlBeanDefinitionReader (XmlBeanDefinitionReader.java:317) - Loading XML bean definitions from class path resource [spring/spring-redis.xml]
2019-05-25 12:56:58 INFO  xml.XmlBeanDefinitionReader (XmlBeanDefinitionReader.java:317) - Loading XML bean definitions from class path resource [spring/spring-cache.xml]
2019-05-25 12:56:59 INFO  support.PropertySourcesPlaceholderConfigurer (PropertiesLoaderSupport.java:172) - Loading properties file from class path resource [systemconfig.properties]
2019-05-25 12:59:18 INFO  util.Version ( Version.java:27) - HV000001: Hibernate Validator 5.1.2.Final
2019-05-25 13:26:23 INFO  support.ClassPathXmlApplicationContext (AbstractApplicationContext.java:510) - Refreshing org.springframework.context.support.ClassPathXmlApplicationContext@6833ce2c: startup date [Sat May 25 13:26:23 CST 2019]; root of context hierarchy
2019-05-25 13:26:23 INFO  xml.XmlBeanDefinitionReader (XmlBeanDefinitionReader.java:317) - Loading XML bean definitions from class path resource [spring.xml]
2019-05-25 13:26:23 INFO  xml.XmlBeanDefinitionReader (XmlBeanDefinitionReader.java:317) - Loading XML bean definitions from class path resource [spring/spring-datasource.xml]
2019-05-25 13:26:24 INFO  xml.XmlBeanDefinitionReader (XmlBeanDefinitionReader.java:317) - Loading XML bean definitions from class path resource [spring/spring-redis.xml]
2019-05-25 13:26:24 INFO  xml.XmlBeanDefinitionReader (XmlBeanDefinitionReader.java:317) - Loading XML bean definitions from class path resource [spring/spring-cache.xml]
2019-05-25 13:26:24 INFO  support.PropertySourcesPlaceholderConfigurer (PropertiesLoaderSupport.java:172) - Loading properties file from class path resource [systemconfig.properties]
2019-05-25 13:27:28 INFO  support.ClassPathXmlApplicationContext (AbstractApplicationContext.java:510) - Refreshing org.springframework.context.support.ClassPathXmlApplicationContext@4923ab24: startup date [Sat May 25 13:27:28 CST 2019]; root of context hierarchy
2019-05-25 13:27:28 INFO  xml.XmlBeanDefinitionReader (XmlBeanDefinitionReader.java:317) - Loading XML bean definitions from class path resource [spring.xml]
2019-05-25 13:27:28 INFO  xml.XmlBeanDefinitionReader (XmlBeanDefinitionReader.java:317) - Loading XML bean definitions from class path resource [spring/spring-datasource.xml]
2019-05-25 13:27:28 INFO  xml.XmlBeanDefinitionReader (XmlBeanDefinitionReader.java:317) - Loading XML bean definitions from class path resource [spring/spring-redis.xml]
2019-05-25 13:27:28 INFO  xml.XmlBeanDefinitionReader (XmlBeanDefinitionReader.java:317) - Loading XML bean definitions from class path resource [spring/spring-cache.xml]
2019-05-25 13:27:29 INFO  support.PropertySourcesPlaceholderConfigurer (PropertiesLoaderSupport.java:172) - Loading properties file from class path resource [systemconfig.properties]
2019-05-25 13:28:01 INFO  support.ClassPathXmlApplicationContext (AbstractApplicationContext.java:510) - Refreshing org.springframework.context.support.ClassPathXmlApplicationContext@edf4efb: startup date [Sat May 25 13:28:01 CST 2019]; root of context hierarchy
2019-05-25 13:28:01 INFO  xml.XmlBeanDefinitionReader (XmlBeanDefinitionReader.java:317) - Loading XML bean definitions from class path resource [spring.xml]
2019-05-25 13:28:01 INFO  xml.XmlBeanDefinitionReader (XmlBeanDefinitionReader.java:317) - Loading XML bean definitions from class path resource [spring/spring-datasource.xml]
2019-05-25 13:28:01 INFO  xml.XmlBeanDefinitionReader (XmlBeanDefinitionReader.java:317) - Loading XML bean definitions from class path resource [spring/spring-redis.xml]
2019-05-25 13:28:01 INFO  xml.XmlBeanDefinitionReader (XmlBeanDefinitionReader.java:317) - Loading XML bean definitions from class path resource [spring/spring-cache.xml]
2019-05-25 13:28:02 INFO  support.PropertySourcesPlaceholderConfigurer (PropertiesLoaderSupport.java:172) - Loading properties file from class path resource [systemconfig.properties]
2019-05-25 13:28:12 INFO  support.ClassPathXmlApplicationContext (AbstractApplicationContext.java:510) - Refreshing org.springframework.context.support.ClassPathXmlApplicationContext@4923ab24: startup date [Sat May 25 13:28:12 CST 2019]; root of context hierarchy
2019-05-25 13:28:12 INFO  xml.XmlBeanDefinitionReader (XmlBeanDefinitionReader.java:317) - Loading XML bean definitions from class path resource [spring.xml]
2019-05-25 13:28:12 INFO  xml.XmlBeanDefinitionReader (XmlBeanDefinitionReader.java:317) - Loading XML bean definitions from class path resource [spring/spring-datasource.xml]
2019-05-25 13:28:13 INFO  xml.XmlBeanDefinitionReader (XmlBeanDefinitionReader.java:317) - Loading XML bean definitions from class path resource [spring/spring-redis.xml]
2019-05-25 13:28:13 INFO  xml.XmlBeanDefinitionReader (XmlBeanDefinitionReader.java:317) - Loading XML bean definitions from class path resource [spring/spring-cache.xml]
2019-05-25 13:28:13 INFO  support.PropertySourcesPlaceholderConfigurer (PropertiesLoaderSupport.java:172) - Loading properties file from class path resource [systemconfig.properties]
2019-05-25 13:28:56 INFO  util.Version ( Version.java:27) - HV000001: Hibernate Validator 5.1.2.Final
2019-05-25 13:28:56 INFO  exceptionwapper.BizExceptionWrapper (BizExceptionWrapper.java:36) - com.culturecloud.exception.BizException: NOAUTH Authentication required.; nested exception is redis.clients.jedis.exceptions.JedisDataException: NOAUTH Authentication required.
	at com.culturecloud.exception.BizException.Throw(BizException.java:57)
	at com.culturecloud.aop.LogAspect.getGiveIntegralList(LogAspect.java:160)
	at sun.reflect.NativeMethodAccessorImpl.invoke0(Native Method)
	at sun.reflect.NativeMethodAccessorImpl.invoke(NativeMethodAccessorImpl.java:62)
	at sun.reflect.DelegatingMethodAccessorImpl.invoke(DelegatingMethodAccessorImpl.java:43)
	at java.lang.reflect.Method.invoke(Method.java:498)
	at org.springframework.aop.aspectj.AbstractAspectJAdvice.invokeAdviceMethodWithGivenArgs(AbstractAspectJAdvice.java:621)
	at org.springframework.aop.aspectj.AbstractAspectJAdvice.invokeAdviceMethod(AbstractAspectJAdvice.java:610)
	at org.springframework.aop.aspectj.AspectJAroundAdvice.invoke(AspectJAroundAdvice.java:68)
	at org.springframework.aop.framework.ReflectiveMethodInvocation.proceed(ReflectiveMethodInvocation.java:179)
	at org.springframework.aop.framework.adapter.MethodBeforeAdviceInterceptor.invoke(MethodBeforeAdviceInterceptor.java:52)
	at org.springframework.aop.framework.ReflectiveMethodInvocation.proceed(ReflectiveMethodInvocation.java:179)
	at org.springframework.aop.aspectj.MethodInvocationProceedingJoinPoint.proceed(MethodInvocationProceedingJoinPoint.java:85)
	at com.culturecloud.aop.AfterThrowingAspect.doThrowException(AfterThrowingAspect.java:29)
	at sun.reflect.NativeMethodAccessorImpl.invoke0(Native Method)
	at sun.reflect.NativeMethodAccessorImpl.invoke(NativeMethodAccessorImpl.java:62)
	at sun.reflect.DelegatingMethodAccessorImpl.invoke(DelegatingMethodAccessorImpl.java:43)
	at java.lang.reflect.Method.invoke(Method.java:498)
	at org.springframework.aop.aspectj.AbstractAspectJAdvice.invokeAdviceMethodWithGivenArgs(AbstractAspectJAdvice.java:621)
	at org.springframework.aop.aspectj.AbstractAspectJAdvice.invokeAdviceMethod(AbstractAspectJAdvice.java:610)
	at org.springframework.aop.aspectj.AspectJAroundAdvice.invoke(AspectJAroundAdvice.java:68)
	at org.springframework.aop.framework.ReflectiveMethodInvocation.proceed(ReflectiveMethodInvocation.java:179)
	at org.springframework.aop.interceptor.ExposeInvocationInterceptor.invoke(ExposeInvocationInterceptor.java:92)
	at org.springframework.aop.framework.ReflectiveMethodInvocation.proceed(ReflectiveMethodInvocation.java:179)
	at org.springframework.aop.framework.CglibAopProxy$DynamicAdvisedInterceptor.intercept(CglibAopProxy.java:653)
	at com.culturecloud.service.rs.platformservice.common.CmsTerminalUserResource$$EnhancerBySpringCGLIB$$ae076d8a.sendCode(<generated>)
	at sun.reflect.NativeMethodAccessorImpl.invoke0(Native Method)
	at sun.reflect.NativeMethodAccessorImpl.invoke(NativeMethodAccessorImpl.java:62)
	at sun.reflect.DelegatingMethodAccessorImpl.invoke(DelegatingMethodAccessorImpl.java:43)
	at java.lang.reflect.Method.invoke(Method.java:498)
	at com.sxiic.SpringHttpMethodRule.accept(SpringHttpMethodRule.java:457)
	at com.sun.jersey.server.impl.uri.rules.RightHandPathRule.accept(RightHandPathRule.java:147)
	at com.sun.jersey.server.impl.uri.rules.ResourceClassRule.accept(ResourceClassRule.java:108)
	at com.sun.jersey.server.impl.uri.rules.RightHandPathRule.accept(RightHandPathRule.java:147)
	at com.sun.jersey.server.impl.uri.rules.RootResourceClassesRule.accept(RootResourceClassesRule.java:84)
	at com.sxiic.SpringWebApplicationImpl._handleRequest(SpringWebApplicationImpl.java:1380)
	at com.sxiic.SpringWebApplicationImpl._handleRequest(SpringWebApplicationImpl.java:1311)
	at com.sxiic.SpringWebApplicationImpl.handleRequest(SpringWebApplicationImpl.java:1258)
	at com.sxiic.SpringWebApplicationImpl.handleRequest(SpringWebApplicationImpl.java:1248)
	at com.culturecloud.server.NettyHandlerContainer.messageReceived(NettyHandlerContainer.java:142)
	at org.jboss.netty.channel.SimpleChannelUpstreamHandler.handleUpstream(SimpleChannelUpstreamHandler.java:75)
	at org.jboss.netty.channel.DefaultChannelPipeline.sendUpstream(DefaultChannelPipeline.java:565)
	at org.jboss.netty.channel.DefaultChannelPipeline$DefaultChannelHandlerContext.sendUpstream(DefaultChannelPipeline.java:793)
	at org.jboss.netty.handler.stream.ChunkedWriteHandler.handleUpstream(ChunkedWriteHandler.java:142)
	at org.jboss.netty.channel.DefaultChannelPipeline.sendUpstream(DefaultChannelPipeline.java:565)
	at org.jboss.netty.channel.DefaultChannelPipeline$DefaultChannelHandlerContext.sendUpstream(DefaultChannelPipeline.java:793)
	at org.jboss.netty.channel.Channels.fireMessageReceived(Channels.java:296)
	at org.jboss.netty.handler.codec.frame.FrameDecoder.unfoldAndFireMessageReceived(FrameDecoder.java:455)
	at org.jboss.netty.handler.codec.replay.ReplayingDecoder.callDecode(ReplayingDecoder.java:538)
	at org.jboss.netty.handler.codec.replay.ReplayingDecoder.messageReceived(ReplayingDecoder.java:437)
	at org.jboss.netty.channel.SimpleChannelUpstreamHandler.handleUpstream(SimpleChannelUpstreamHandler.java:75)
	at org.jboss.netty.channel.DefaultChannelPipeline.sendUpstream(DefaultChannelPipeline.java:565)
	at org.jboss.netty.channel.DefaultChannelPipeline.sendUpstream(DefaultChannelPipeline.java:560)
	at org.jboss.netty.channel.Channels.fireMessageReceived(Channels.java:268)
	at org.jboss.netty.channel.Channels.fireMessageReceived(Channels.java:255)
	at org.jboss.netty.channel.socket.nio.NioWorker.read(NioWorker.java:94)
	at org.jboss.netty.channel.socket.nio.AbstractNioWorker.processSelectedKeys(AbstractNioWorker.java:456)
	at org.jboss.netty.channel.socket.nio.AbstractNioWorker.run(AbstractNioWorker.java:327)
	at org.jboss.netty.channel.socket.nio.NioWorker.run(NioWorker.java:35)
	at org.jboss.netty.util.ThreadRenamingRunnable.run(ThreadRenamingRunnable.java:102)
	at org.jboss.netty.util.internal.DeadLockProofWorker$1.run(DeadLockProofWorker.java:42)
	at java.util.concurrent.ThreadPoolExecutor.runWorker(ThreadPoolExecutor.java:1149)
	at java.util.concurrent.ThreadPoolExecutor$Worker.run(ThreadPoolExecutor.java:624)
	at java.lang.Thread.run(Thread.java:748)

2019-05-25 13:29:58 INFO  support.ClassPathXmlApplicationContext (AbstractApplicationContext.java:510) - Refreshing org.springframework.context.support.ClassPathXmlApplicationContext@4fb64261: startup date [Sat May 25 13:29:58 CST 2019]; root of context hierarchy
2019-05-25 13:29:58 INFO  xml.XmlBeanDefinitionReader (XmlBeanDefinitionReader.java:317) - Loading XML bean definitions from class path resource [spring.xml]
2019-05-25 13:29:58 INFO  xml.XmlBeanDefinitionReader (XmlBeanDefinitionReader.java:317) - Loading XML bean definitions from class path resource [spring/spring-datasource.xml]
2019-05-25 13:29:58 INFO  xml.XmlBeanDefinitionReader (XmlBeanDefinitionReader.java:317) - Loading XML bean definitions from class path resource [spring/spring-redis.xml]
2019-05-25 13:29:58 INFO  xml.XmlBeanDefinitionReader (XmlBeanDefinitionReader.java:317) - Loading XML bean definitions from class path resource [spring/spring-cache.xml]
2019-05-25 13:29:59 INFO  support.PropertySourcesPlaceholderConfigurer (PropertiesLoaderSupport.java:172) - Loading properties file from class path resource [systemconfig.properties]
2019-05-25 13:33:28 INFO  util.Version ( Version.java:27) - HV000001: Hibernate Validator 5.1.2.Final
